<?xml version="1.0" encoding="UTF-8"?>
<!-- Generated by org.testng.reporters.JUnitReportReporter -->
<testsuite hostname="DESKTOP-TE5SVVB" failures="0" tests="1" name="maven_test.Marine_test" time="7.283" errors="0" timestamp="2023-10-07T11:11:33 IST" skipped="0">
  <testcase classname="maven_test.Marine_test" name="test" time="7.283"/>
</testsuite> <!-- maven_test.Marine_test -->
