<?xml version="1.0" encoding="UTF-8"?>
<!-- Generated by org.testng.reporters.JUnitReportReporter -->
<testsuite hostname="DESKTOP-TE5SVVB" failures="0" tests="1" name="maven_test.live_test" time="15.347" errors="0" timestamp="2023-10-28T12:33:17 IST" skipped="0">
  <testcase classname="maven_test.live_test" name="test" time="15.347"/>
</testsuite> <!-- maven_test.live_test -->
