<?xml version="1.0" encoding="UTF-8"?>
<!-- Generated by org.testng.reporters.JUnitReportReporter -->
<testsuite hostname="DESKTOP-TE5SVVB" failures="0" tests="1" name="maven_test.Saucedemo_test" time="2.504" errors="0" timestamp="2023-10-09T16:29:40 IST" skipped="0">
  <testcase classname="maven_test.Saucedemo_test" name="test" time="2.504"/>
</testsuite> <!-- maven_test.Saucedemo_test -->
